<?xml version="1.0" encoding="UTF-8"?>
<!-- Generated by org.testng.reporters.JUnitReportReporter -->
<testsuite skipped="0" hostname="LAPTOP-3N1F2EA1" name="validationsCategoryMonthDropDown.AddCategoryDuplicateCategory" tests="3" failures="0" timestamp="2023-04-05T14:30:28 EDT" time="9.945" errors="0">
  <testcase name="AddCategoryTest" time="3.146" classname="validationsCategoryMonthDropDown.AddCategoryDuplicateCategory"/>
  <system-out/>
  <testcase name="DuplicateCategoryTest" time="2.576" classname="validationsCategoryMonthDropDown.AddCategoryDuplicateCategory"/>
  <system-out/>
  <testcase name="Monthdropdown" time="4.223" classname="validationsCategoryMonthDropDown.AddCategoryDuplicateCategory"/>
  <system-out/>
</testsuite> <!-- validationsCategoryMonthDropDown.AddCategoryDuplicateCategory -->
